<?xml version="1.0" encoding="UTF-8"?>
<!-- Generated by org.testng.reporters.JUnitReportReporter -->
<testsuite hostname="AQSA-ZAHOOR" failures="0" tests="4" name="tests.HomePageTest" time="9.678" errors="0" timestamp="2023-04-03T11:05:19 PKT" skipped="0">
  <testcase classname="tests.HomePageTest" name="verifyItemAdded" time="2.300"/>
  <system-out/>
  <testcase classname="tests.HomePageTest" name="verifyItemRemoved" time="2.530"/>
  <system-out/>
  <testcase classname="tests.HomePageTest" name="verifySidePane" time="2.398"/>
  <system-out/>
  <testcase classname="tests.HomePageTest" name="verifyLogout" time="2.450"/>
  <system-out/>
</testsuite> <!-- tests.HomePageTest -->
