<?xml version="1.0" encoding="UTF-8"?>
<!-- Generated by org.testng.reporters.JUnitReportReporter -->
<testsuite hostname="AQSA-ZAHOOR" failures="0" tests="4" name="tests.HomePageTest" time="8.130" errors="0" timestamp="2023-04-03T09:54:46 PKT" skipped="0">
  <testcase classname="tests.HomePageTest" name="verifyItemAdded" time="1.940"/>
  <system-out/>
  <testcase classname="tests.HomePageTest" name="verifyItemRemoved" time="2.009"/>
  <system-out/>
  <testcase classname="tests.HomePageTest" name="verifySidePane" time="2.020"/>
  <system-out/>
  <testcase classname="tests.HomePageTest" name="verifyLogout" time="2.161"/>
  <system-out/>
</testsuite> <!-- tests.HomePageTest -->
