<?xml version="1.0" encoding="UTF-8"?>
<!-- Generated by org.testng.reporters.JUnitReportReporter -->
<testsuite hostname="AQSA-ZAHOOR" failures="0" tests="3" name="tests.LoginPageTest" time="7.195" errors="0" timestamp="2023-04-03T11:05:19 PKT" skipped="0">
  <testcase classname="tests.LoginPageTest" name="loginPageTitleTest" time="2.277"/>
  <system-out/>
  <testcase classname="tests.LoginPageTest" name="crmLogoImageTest" time="2.124"/>
  <system-out/>
  <testcase classname="tests.LoginPageTest" name="LoginTest" time="2.794"/>
  <system-out/>
</testsuite> <!-- tests.LoginPageTest -->
