<?xml version="1.0" encoding="UTF-8"?>
<!-- Generated by org.testng.reporters.JUnitReportReporter -->
<testsuite hostname="AQSA-ZAHOOR" failures="0" tests="5" name="tests.AboutPageTest" time="34.890" errors="0" timestamp="2023-04-03T09:54:46 PKT" skipped="0">
  <testcase classname="tests.AboutPageTest" name="VerifyTryItFreeButton" time="10.037"/>
  <system-out/>
  <testcase classname="tests.AboutPageTest" name="VerifyClickOnAbout" time="3.421"/>
  <system-out/>
  <testcase classname="tests.AboutPageTest" name="VerifyTitleOfAboutPage" time="3.438"/>
  <system-out/>
  <testcase classname="tests.AboutPageTest" name="VerifyScrollDownAboutPage" time="11.806"/>
  <system-out/>
  <testcase classname="tests.AboutPageTest" name="VerifySearch" time="6.188"/>
  <system-out/>
</testsuite> <!-- tests.AboutPageTest -->
