<?xml version="1.0" encoding="UTF-8"?>
<!-- Generated by org.testng.reporters.JUnitReportReporter -->
<testsuite hostname="AQSA-ZAHOOR" failures="0" tests="5" name="tests.AboutPageTest" time="39.270" errors="0" timestamp="2023-04-03T11:05:19 PKT" skipped="0">
  <testcase classname="tests.AboutPageTest" name="VerifyClickOnAbout" time="12.005"/>
  <system-out/>
  <testcase classname="tests.AboutPageTest" name="VerifyTitleOfAboutPage" time="6.153"/>
  <system-out/>
  <testcase classname="tests.AboutPageTest" name="VerifyTryItFreeButton" time="10.281"/>
  <system-out/>
  <testcase classname="tests.AboutPageTest" name="VerifyScrollDownAboutPage" time="6.585"/>
  <system-out/>
  <testcase classname="tests.AboutPageTest" name="VerifySearch" time="4.246"/>
  <system-out/>
</testsuite> <!-- tests.AboutPageTest -->
