<?xml version="1.0" encoding="UTF-8"?>
<!-- Generated by org.testng.reporters.JUnitReportReporter -->
<testsuite hostname="AQSA-ZAHOOR" failures="0" tests="3" name="tests.LoginPageTest" time="6.448" errors="0" timestamp="2023-04-03T09:54:46 PKT" skipped="0">
  <testcase classname="tests.LoginPageTest" name="loginPageTitleTest" time="2.557"/>
  <system-out/>
  <testcase classname="tests.LoginPageTest" name="crmLogoImageTest" time="1.898"/>
  <system-out/>
  <testcase classname="tests.LoginPageTest" name="LoginTest" time="1.993"/>
  <system-out/>
</testsuite> <!-- tests.LoginPageTest -->
